2018/04/19 13:13:04 [emerg] 1#1: mkdir() "/var/cache/nginx/client_temp" failed (2: No such file or directory)
2018/04/19 13:13:05 [emerg] 1#1: mkdir() "/var/cache/nginx/client_temp" failed (2: No such file or directory)
2018/04/19 13:13:05 [emerg] 1#1: mkdir() "/var/cache/nginx/client_temp" failed (2: No such file or directory)
2018/04/19 13:13:06 [emerg] 1#1: mkdir() "/var/cache/nginx/client_temp" failed (2: No such file or directory)
2018/04/19 13:13:07 [emerg] 1#1: mkdir() "/var/cache/nginx/client_temp" failed (2: No such file or directory)
2018/04/19 13:13:10 [emerg] 1#1: mkdir() "/var/cache/nginx/client_temp" failed (2: No such file or directory)
2018/04/19 13:13:14 [emerg] 1#1: mkdir() "/var/cache/nginx/client_temp" failed (2: No such file or directory)
2018/04/19 13:13:21 [emerg] 1#1: mkdir() "/var/cache/nginx/client_temp" failed (2: No such file or directory)
2018/04/19 13:13:34 [emerg] 1#1: mkdir() "/var/cache/nginx/client_temp" failed (2: No such file or directory)
2018/04/19 13:14:00 [emerg] 1#1: mkdir() "/var/cache/nginx/client_temp" failed (2: No such file or directory)
2018/04/19 13:14:52 [emerg] 1#1: mkdir() "/var/cache/nginx/client_temp" failed (2: No such file or directory)
2018/04/19 13:15:52 [emerg] 1#1: mkdir() "/var/cache/nginx/client_temp" failed (2: No such file or directory)
2018/04/19 13:16:53 [emerg] 1#1: mkdir() "/var/cache/nginx/client_temp" failed (2: No such file or directory)
2018/04/19 13:18:39 [emerg] 1#1: host not found in upstream "site1:8001" in /etc/nginx/sites-available/1.conf:3
2018/04/19 13:18:40 [emerg] 1#1: host not found in upstream "site1:8001" in /etc/nginx/sites-available/1.conf:3
2018/04/19 13:18:41 [emerg] 1#1: host not found in upstream "site1:8001" in /etc/nginx/sites-available/1.conf:3
2018/04/19 13:18:42 [emerg] 1#1: host not found in upstream "site1:8001" in /etc/nginx/sites-available/1.conf:3
2018/04/19 13:18:43 [emerg] 1#1: host not found in upstream "site1:8001" in /etc/nginx/sites-available/1.conf:3
2018/04/19 13:18:45 [emerg] 1#1: host not found in upstream "site1:8001" in /etc/nginx/sites-available/1.conf:3
2018/04/19 13:18:49 [emerg] 1#1: host not found in upstream "site1:8001" in /etc/nginx/sites-available/1.conf:3
2018/04/19 13:18:56 [emerg] 1#1: host not found in upstream "site1:8001" in /etc/nginx/sites-available/1.conf:3
2018/04/19 13:19:09 [emerg] 1#1: host not found in upstream "site1:8001" in /etc/nginx/sites-available/1.conf:3
2018/04/19 15:17:22 [emerg] 1#1: host not found in upstream "site1:8001" in /etc/nginx/sites-available/1.conf:3
2018/04/19 15:17:23 [emerg] 1#1: host not found in upstream "site1:8001" in /etc/nginx/sites-available/1.conf:3
2018/04/19 15:17:24 [emerg] 1#1: host not found in upstream "site1:8001" in /etc/nginx/sites-available/1.conf:3
2018/04/19 15:17:25 [emerg] 1#1: host not found in upstream "site1:8001" in /etc/nginx/sites-available/1.conf:3
2018/04/19 15:17:26 [emerg] 1#1: host not found in upstream "site1:8001" in /etc/nginx/sites-available/1.conf:3
2018/04/19 15:17:28 [emerg] 1#1: host not found in upstream "site1:8001" in /etc/nginx/sites-available/1.conf:3
2018/04/19 15:17:32 [emerg] 1#1: host not found in upstream "site1:8001" in /etc/nginx/sites-available/1.conf:3
2018/04/19 15:17:39 [emerg] 1#1: host not found in upstream "site1:8001" in /etc/nginx/sites-available/1.conf:3
2018/04/19 15:17:52 [emerg] 1#1: host not found in upstream "site1:8001" in /etc/nginx/sites-available/1.conf:3
2018/04/19 15:19:07 [emerg] 1#1: host not found in upstream "site1:8001" in /etc/nginx/sites-available/1.conf:3
2018/04/19 15:19:09 [emerg] 1#1: host not found in upstream "site1:8001" in /etc/nginx/sites-available/1.conf:3
2018/04/19 15:19:10 [emerg] 1#1: host not found in upstream "site1:8001" in /etc/nginx/sites-available/1.conf:3
2018/04/19 15:19:11 [emerg] 1#1: host not found in upstream "site1:8001" in /etc/nginx/sites-available/1.conf:3
2018/04/19 15:19:12 [emerg] 1#1: host not found in upstream "site1:8001" in /etc/nginx/sites-available/1.conf:3
2018/04/19 15:19:14 [emerg] 1#1: host not found in upstream "site1:8001" in /etc/nginx/sites-available/1.conf:3
2018/04/19 15:19:18 [emerg] 1#1: host not found in upstream "site1:8001" in /etc/nginx/sites-available/1.conf:3
2018/04/19 15:19:25 [emerg] 1#1: host not found in upstream "site1:8001" in /etc/nginx/sites-available/1.conf:3
2018/04/19 15:19:38 [emerg] 1#1: host not found in upstream "site1:8001" in /etc/nginx/sites-available/1.conf:3
2018/04/19 15:20:05 [emerg] 1#1: host not found in upstream "site1:8001" in /etc/nginx/sites-available/1.conf:3
2018/04/19 15:20:56 [emerg] 1#1: host not found in upstream "site1:8001" in /etc/nginx/sites-available/1.conf:3
2018/04/19 15:21:57 [emerg] 1#1: host not found in upstream "site1:8001" in /etc/nginx/sites-available/1.conf:3
2018/04/19 15:22:58 [emerg] 1#1: host not found in upstream "site1:8001" in /etc/nginx/sites-available/1.conf:3
2018/04/19 15:23:58 [emerg] 1#1: host not found in upstream "site1:8001" in /etc/nginx/sites-available/1.conf:3
2018/04/19 15:24:59 [emerg] 1#1: host not found in upstream "site1:8001" in /etc/nginx/sites-available/1.conf:3
2018/04/19 15:25:59 [emerg] 1#1: host not found in upstream "site1:8001" in /etc/nginx/sites-available/1.conf:3
2018/04/19 15:27:00 [emerg] 1#1: host not found in upstream "site1:8001" in /etc/nginx/sites-available/1.conf:3
2018/04/19 15:28:00 [emerg] 1#1: host not found in upstream "site1:8001" in /etc/nginx/sites-available/1.conf:3
2018/04/19 15:29:01 [emerg] 1#1: host not found in upstream "site1:8001" in /etc/nginx/sites-available/1.conf:3
2018/04/19 15:30:01 [emerg] 1#1: host not found in upstream "site1:8001" in /etc/nginx/sites-available/1.conf:3
2018/04/19 15:31:02 [emerg] 1#1: host not found in upstream "site1:8001" in /etc/nginx/sites-available/1.conf:3
2018/04/19 15:32:03 [emerg] 1#1: host not found in upstream "site1:8001" in /etc/nginx/sites-available/1.conf:3
2018/04/19 15:33:03 [emerg] 1#1: host not found in upstream "site1:8001" in /etc/nginx/sites-available/1.conf:3
2018/04/19 15:34:04 [emerg] 1#1: host not found in upstream "site1:8001" in /etc/nginx/sites-available/1.conf:3
2018/04/19 15:35:04 [emerg] 1#1: host not found in upstream "site1:8001" in /etc/nginx/sites-available/1.conf:3
2018/04/19 15:36:05 [emerg] 1#1: host not found in upstream "site1:8001" in /etc/nginx/sites-available/1.conf:3
2018/04/19 15:37:06 [emerg] 1#1: host not found in upstream "site1:8001" in /etc/nginx/sites-available/1.conf:3
2018/04/19 15:38:06 [emerg] 1#1: host not found in upstream "site1:8001" in /etc/nginx/sites-available/1.conf:3
2018/04/19 15:39:07 [emerg] 1#1: host not found in upstream "site1:8001" in /etc/nginx/sites-available/1.conf:3
2018/04/19 15:40:07 [emerg] 1#1: host not found in upstream "site1:8001" in /etc/nginx/sites-available/1.conf:3
2018/04/19 15:41:08 [emerg] 1#1: host not found in upstream "site1:8001" in /etc/nginx/sites-available/1.conf:3
2018/04/19 15:42:08 [emerg] 1#1: host not found in upstream "site1:8001" in /etc/nginx/sites-available/1.conf:3
2018/04/19 15:43:09 [emerg] 1#1: host not found in upstream "site1:8001" in /etc/nginx/sites-available/1.conf:3
2018/04/19 15:44:10 [emerg] 1#1: host not found in upstream "site1:8001" in /etc/nginx/sites-available/1.conf:3
2018/04/19 15:45:10 [emerg] 1#1: host not found in upstream "site1:8001" in /etc/nginx/sites-available/1.conf:3
2018/04/19 15:46:11 [emerg] 1#1: host not found in upstream "site1:8001" in /etc/nginx/sites-available/1.conf:3
2018/04/19 15:46:24 [emerg] 1#1: host not found in upstream "site1:8001" in /etc/nginx/sites-available/1.conf:3
2018/04/19 15:46:25 [emerg] 1#1: host not found in upstream "site1:8001" in /etc/nginx/sites-available/1.conf:3
2018/04/19 15:46:26 [emerg] 1#1: host not found in upstream "site1:8001" in /etc/nginx/sites-available/1.conf:3
2018/04/19 15:46:26 [emerg] 1#1: host not found in upstream "site1:8001" in /etc/nginx/sites-available/1.conf:3
2018/04/19 15:46:28 [emerg] 1#1: host not found in upstream "site1:8001" in /etc/nginx/sites-available/1.conf:3
2018/04/19 15:46:30 [emerg] 1#1: host not found in upstream "site1:8001" in /etc/nginx/sites-available/1.conf:3
2018/04/19 15:46:34 [emerg] 1#1: host not found in upstream "site1:8001" in /etc/nginx/sites-available/1.conf:3
2018/04/19 15:46:41 [emerg] 1#1: host not found in upstream "site1:8001" in /etc/nginx/sites-available/1.conf:3
2018/04/19 15:46:54 [emerg] 1#1: host not found in upstream "site1:8001" in /etc/nginx/sites-available/1.conf:3
2018/04/19 15:47:20 [emerg] 1#1: host not found in upstream "site1:8001" in /etc/nginx/sites-available/1.conf:3
2018/04/19 15:48:12 [emerg] 1#1: host not found in upstream "site1:8001" in /etc/nginx/sites-available/1.conf:3
2018/04/19 15:49:13 [emerg] 1#1: host not found in upstream "site1:8001" in /etc/nginx/sites-available/1.conf:3
2018/04/19 15:50:13 [emerg] 1#1: host not found in upstream "site1:8001" in /etc/nginx/sites-available/1.conf:3
2018/04/19 15:51:14 [emerg] 1#1: host not found in upstream "site1:8001" in /etc/nginx/sites-available/1.conf:3
2018/04/19 15:52:14 [emerg] 1#1: host not found in upstream "site1:8001" in /etc/nginx/sites-available/1.conf:3
2018/04/19 15:53:15 [emerg] 1#1: host not found in upstream "site1:8001" in /etc/nginx/sites-available/1.conf:3
2018/04/19 15:54:15 [emerg] 1#1: host not found in upstream "site1:8001" in /etc/nginx/sites-available/1.conf:3
2018/04/19 15:55:16 [emerg] 1#1: host not found in upstream "site1:8001" in /etc/nginx/sites-available/1.conf:3
2018/04/19 15:56:17 [emerg] 1#1: host not found in upstream "site1:8001" in /etc/nginx/sites-available/1.conf:3
2018/04/19 15:57:17 [emerg] 1#1: host not found in upstream "site1:8001" in /etc/nginx/sites-available/1.conf:3
2018/04/19 15:58:18 [emerg] 1#1: host not found in upstream "site1:8001" in /etc/nginx/sites-available/1.conf:3
2018/04/19 15:59:18 [emerg] 1#1: host not found in upstream "site1:8001" in /etc/nginx/sites-available/1.conf:3
2018/04/19 16:00:19 [emerg] 1#1: host not found in upstream "site1:8001" in /etc/nginx/sites-available/1.conf:3
2018/04/19 16:01:20 [emerg] 1#1: host not found in upstream "site1:8001" in /etc/nginx/sites-available/1.conf:3
2018/04/19 16:01:28 [emerg] 1#1: host not found in upstream "app1_web_1:8001" in /etc/nginx/sites-available/1.conf:3
2018/04/19 16:01:29 [emerg] 1#1: host not found in upstream "app1_web_1:8001" in /etc/nginx/sites-available/1.conf:3
2018/04/19 16:01:30 [emerg] 1#1: host not found in upstream "app1_web_1:8001" in /etc/nginx/sites-available/1.conf:3
2018/04/19 16:01:31 [emerg] 1#1: host not found in upstream "app1_web_1:8001" in /etc/nginx/sites-available/1.conf:3
2018/04/19 16:01:32 [emerg] 1#1: host not found in upstream "app1_web_1:8001" in /etc/nginx/sites-available/1.conf:3
2018/04/19 16:01:34 [emerg] 1#1: host not found in upstream "app1_web_1:8001" in /etc/nginx/sites-available/1.conf:3
2018/04/19 16:01:38 [emerg] 1#1: host not found in upstream "app1_web_1:8001" in /etc/nginx/sites-available/1.conf:3
2018/04/19 16:01:45 [emerg] 1#1: host not found in upstream "app1_web_1:8001" in /etc/nginx/sites-available/1.conf:3
2018/04/19 16:01:58 [emerg] 1#1: host not found in upstream "app1_web_1:8001" in /etc/nginx/sites-available/1.conf:3
2018/04/19 16:02:25 [emerg] 1#1: host not found in upstream "app1_web_1:8001" in /etc/nginx/sites-available/1.conf:3
2018/04/19 16:02:44 [emerg] 1#1: duplicate upstream "uwsgi" in /etc/nginx/sites-available/2.conf:1
2018/04/19 16:02:45 [emerg] 1#1: duplicate upstream "uwsgi" in /etc/nginx/sites-available/2.conf:1
2018/04/19 16:02:46 [emerg] 1#1: duplicate upstream "uwsgi" in /etc/nginx/sites-available/2.conf:1
2018/04/19 16:02:47 [emerg] 1#1: duplicate upstream "uwsgi" in /etc/nginx/sites-available/2.conf:1
2018/04/19 16:02:48 [emerg] 1#1: duplicate upstream "uwsgi" in /etc/nginx/sites-available/2.conf:1
2018/04/19 16:02:50 [emerg] 1#1: duplicate upstream "uwsgi" in /etc/nginx/sites-available/2.conf:1
2018/04/19 16:02:54 [emerg] 1#1: duplicate upstream "uwsgi" in /etc/nginx/sites-available/2.conf:1
2018/04/19 16:03:01 [emerg] 1#1: duplicate upstream "uwsgi" in /etc/nginx/sites-available/2.conf:1
2018/04/19 16:03:15 [emerg] 1#1: duplicate upstream "uwsgi" in /etc/nginx/sites-available/2.conf:1
2018/04/19 16:03:41 [emerg] 1#1: duplicate upstream "uwsgi" in /etc/nginx/sites-available/2.conf:1
2018/04/19 16:04:32 [emerg] 1#1: duplicate upstream "uwsgi" in /etc/nginx/sites-available/2.conf:1
2018/04/19 16:05:33 [emerg] 1#1: duplicate upstream "uwsgi" in /etc/nginx/sites-available/2.conf:1
2018/04/19 16:06:08 [emerg] 1#1: duplicate upstream "uwsgi" in /etc/nginx/sites-available/2.conf:1
2018/04/19 16:06:09 [emerg] 1#1: duplicate upstream "uwsgi" in /etc/nginx/sites-available/2.conf:1
2018/04/19 16:06:10 [emerg] 1#1: duplicate upstream "uwsgi" in /etc/nginx/sites-available/2.conf:1
2018/04/19 16:06:11 [emerg] 1#1: duplicate upstream "uwsgi" in /etc/nginx/sites-available/2.conf:1
2018/04/19 16:06:12 [emerg] 1#1: duplicate upstream "uwsgi" in /etc/nginx/sites-available/2.conf:1
2018/04/19 16:06:14 [emerg] 1#1: duplicate upstream "uwsgi" in /etc/nginx/sites-available/2.conf:1
2018/04/19 16:06:18 [emerg] 1#1: duplicate upstream "uwsgi" in /etc/nginx/sites-available/2.conf:1
2018/04/19 16:06:25 [emerg] 1#1: duplicate upstream "uwsgi" in /etc/nginx/sites-available/2.conf:1
2018/04/19 16:06:38 [emerg] 1#1: duplicate upstream "uwsgi" in /etc/nginx/sites-available/2.conf:1
2018/04/19 16:07:04 [emerg] 1#1: duplicate upstream "uwsgi" in /etc/nginx/sites-available/2.conf:1
2018/04/19 16:07:56 [emerg] 1#1: duplicate upstream "uwsgi" in /etc/nginx/sites-available/2.conf:1
2018/04/19 16:08:31 [emerg] 1#1: mkdir() "/var/cache/nginx/client_temp" failed (2: No such file or directory)
2018/04/19 16:08:32 [emerg] 1#1: mkdir() "/var/cache/nginx/client_temp" failed (2: No such file or directory)
2018/04/19 16:08:33 [emerg] 1#1: mkdir() "/var/cache/nginx/client_temp" failed (2: No such file or directory)
2018/04/19 16:08:34 [emerg] 1#1: mkdir() "/var/cache/nginx/client_temp" failed (2: No such file or directory)
2018/04/19 16:08:35 [emerg] 1#1: mkdir() "/var/cache/nginx/client_temp" failed (2: No such file or directory)
2018/04/19 16:08:37 [emerg] 1#1: mkdir() "/var/cache/nginx/client_temp" failed (2: No such file or directory)
2018/04/19 16:08:41 [emerg] 1#1: mkdir() "/var/cache/nginx/client_temp" failed (2: No such file or directory)
2018/04/19 16:08:48 [emerg] 1#1: mkdir() "/var/cache/nginx/client_temp" failed (2: No such file or directory)
2018/04/19 16:09:01 [emerg] 1#1: mkdir() "/var/cache/nginx/client_temp" failed (2: No such file or directory)
2018/04/19 16:09:27 [emerg] 1#1: mkdir() "/var/cache/nginx/client_temp" failed (2: No such file or directory)
2018/04/19 16:10:02 [emerg] 1#1: mkdir() "/var/cache/nginx/client_temp" failed (2: No such file or directory)
2018/04/19 16:10:03 [emerg] 1#1: mkdir() "/var/cache/nginx/client_temp" failed (2: No such file or directory)
2018/04/19 16:10:03 [emerg] 1#1: mkdir() "/var/cache/nginx/client_temp" failed (2: No such file or directory)
2018/04/19 16:10:04 [emerg] 1#1: mkdir() "/var/cache/nginx/client_temp" failed (2: No such file or directory)
2018/04/19 16:10:05 [emerg] 1#1: mkdir() "/var/cache/nginx/client_temp" failed (2: No such file or directory)
2018/04/19 16:10:08 [emerg] 1#1: mkdir() "/var/cache/nginx/client_temp" failed (2: No such file or directory)
2018/04/19 16:10:11 [emerg] 1#1: mkdir() "/var/cache/nginx/client_temp" failed (2: No such file or directory)
2018/04/19 16:10:18 [emerg] 1#1: mkdir() "/var/cache/nginx/client_temp" failed (2: No such file or directory)
2018/04/19 16:10:32 [emerg] 1#1: mkdir() "/var/cache/nginx/client_temp" failed (2: No such file or directory)
2018/04/19 16:10:58 [emerg] 1#1: mkdir() "/var/cache/nginx/client_temp" failed (2: No such file or directory)
2018/04/19 16:11:50 [emerg] 1#1: mkdir() "/var/cache/nginx/client_temp" failed (2: No such file or directory)
2018/04/19 16:12:50 [emerg] 1#1: mkdir() "/var/cache/nginx/client_temp" failed (2: No such file or directory)
2018/04/19 16:13:11 [emerg] 1#1: mkdir() "/var/cache/nginx/client_temp" failed (2: No such file or directory)
2018/04/19 16:13:12 [emerg] 1#1: mkdir() "/var/cache/nginx/client_temp" failed (2: No such file or directory)
2018/04/19 16:13:13 [emerg] 1#1: mkdir() "/var/cache/nginx/client_temp" failed (2: No such file or directory)
2018/04/19 16:13:14 [emerg] 1#1: mkdir() "/var/cache/nginx/client_temp" failed (2: No such file or directory)
2018/04/19 16:13:15 [emerg] 1#1: mkdir() "/var/cache/nginx/client_temp" failed (2: No such file or directory)
2018/04/19 16:13:17 [emerg] 1#1: mkdir() "/var/cache/nginx/client_temp" failed (2: No such file or directory)
2018/04/19 16:13:21 [emerg] 1#1: mkdir() "/var/cache/nginx/client_temp" failed (2: No such file or directory)
2018/04/19 16:13:28 [emerg] 1#1: mkdir() "/var/cache/nginx/client_temp" failed (2: No such file or directory)
2018/04/19 16:13:41 [emerg] 1#1: mkdir() "/var/cache/nginx/client_temp" failed (2: No such file or directory)
2018/04/19 16:14:07 [emerg] 1#1: mkdir() "/var/cache/nginx/client_temp" failed (2: No such file or directory)
2018/04/19 16:14:59 [emerg] 1#1: mkdir() "/var/cache/nginx/client_temp" failed (2: No such file or directory)
2018/04/19 16:16:00 [emerg] 1#1: mkdir() "/var/cache/nginx/client_temp" failed (2: No such file or directory)
2018/04/19 16:17:01 [emerg] 1#1: mkdir() "/var/cache/nginx/client_temp" failed (2: No such file or directory)
2018/04/19 16:18:01 [emerg] 1#1: mkdir() "/var/cache/nginx/client_temp" failed (2: No such file or directory)
2018/04/19 16:19:02 [emerg] 1#1: mkdir() "/var/cache/nginx/client_temp" failed (2: No such file or directory)
2018/04/19 16:20:02 [emerg] 1#1: mkdir() "/var/cache/nginx/client_temp" failed (2: No such file or directory)
2018/04/19 16:21:03 [emerg] 1#1: mkdir() "/var/cache/nginx/client_temp" failed (2: No such file or directory)
2018/04/19 16:22:03 [emerg] 1#1: mkdir() "/var/cache/nginx/client_temp" failed (2: No such file or directory)
2018/04/19 16:23:04 [emerg] 1#1: mkdir() "/var/cache/nginx/client_temp" failed (2: No such file or directory)
2018/04/19 16:24:04 [emerg] 1#1: mkdir() "/var/cache/nginx/client_temp" failed (2: No such file or directory)
2018/04/19 16:25:05 [emerg] 1#1: mkdir() "/var/cache/nginx/client_temp" failed (2: No such file or directory)
2018/04/19 16:26:06 [emerg] 1#1: mkdir() "/var/cache/nginx/client_temp" failed (2: No such file or directory)
2018/04/19 16:27:06 [emerg] 1#1: mkdir() "/var/cache/nginx/client_temp" failed (2: No such file or directory)
2018/04/19 16:28:07 [emerg] 1#1: mkdir() "/var/cache/nginx/client_temp" failed (2: No such file or directory)
2018/04/19 16:29:07 [emerg] 1#1: mkdir() "/var/cache/nginx/client_temp" failed (2: No such file or directory)
2018/04/19 16:29:08 [emerg] 1#1: mkdir() "/var/cache/nginx/client_temp" failed (2: No such file or directory)
2018/04/19 16:29:08 [emerg] 1#1: mkdir() "/var/cache/nginx/client_temp" failed (2: No such file or directory)
2018/04/19 16:29:09 [emerg] 1#1: mkdir() "/var/cache/nginx/client_temp" failed (2: No such file or directory)
2018/04/19 16:29:11 [emerg] 1#1: mkdir() "/var/cache/nginx/client_temp" failed (2: No such file or directory)
2018/04/19 16:29:13 [emerg] 1#1: mkdir() "/var/cache/nginx/client_temp" failed (2: No such file or directory)
2018/04/19 16:29:16 [emerg] 1#1: mkdir() "/var/cache/nginx/client_temp" failed (2: No such file or directory)
2018/04/19 16:29:24 [emerg] 1#1: mkdir() "/var/cache/nginx/client_temp" failed (2: No such file or directory)
2018/04/19 16:29:37 [emerg] 1#1: mkdir() "/var/cache/nginx/client_temp" failed (2: No such file or directory)
2018/04/19 16:30:03 [emerg] 1#1: mkdir() "/var/cache/nginx/client_temp" failed (2: No such file or directory)
2018/04/19 16:30:55 [emerg] 1#1: mkdir() "/var/cache/nginx/client_temp" failed (2: No such file or directory)
2018/04/19 16:31:11 [emerg] 1#1: mkdir() "/var/cache/nginx/client_temp" failed (2: No such file or directory)
2018/04/19 16:31:12 [emerg] 1#1: mkdir() "/var/cache/nginx/client_temp" failed (2: No such file or directory)
2018/04/19 16:31:12 [emerg] 1#1: mkdir() "/var/cache/nginx/client_temp" failed (2: No such file or directory)
2018/04/19 16:31:13 [emerg] 1#1: mkdir() "/var/cache/nginx/client_temp" failed (2: No such file or directory)
2018/04/19 16:31:14 [emerg] 1#1: mkdir() "/var/cache/nginx/client_temp" failed (2: No such file or directory)
2018/04/19 16:31:17 [emerg] 1#1: mkdir() "/var/cache/nginx/client_temp" failed (2: No such file or directory)
2018/04/19 16:31:21 [emerg] 1#1: mkdir() "/var/cache/nginx/client_temp" failed (2: No such file or directory)
2018/04/19 16:31:28 [emerg] 1#1: mkdir() "/var/cache/nginx/client_temp" failed (2: No such file or directory)
2018/04/19 19:23:13 [emerg] 1#1: mkdir() "/var/cache/nginx/client_temp" failed (2: No such file or directory)
2018/04/19 19:24:00 [emerg] 1#1: mkdir() "/var/cache/nginx/client_temp" failed (2: No such file or directory)
2018/04/19 19:24:01 [emerg] 1#1: mkdir() "/var/cache/nginx/client_temp" failed (2: No such file or directory)
2018/04/19 19:24:02 [emerg] 1#1: mkdir() "/var/cache/nginx/client_temp" failed (2: No such file or directory)
2018/04/19 19:24:03 [emerg] 1#1: mkdir() "/var/cache/nginx/client_temp" failed (2: No such file or directory)
2018/04/19 19:24:05 [emerg] 1#1: mkdir() "/var/cache/nginx/client_temp" failed (2: No such file or directory)
2018/04/19 19:24:07 [emerg] 1#1: mkdir() "/var/cache/nginx/client_temp" failed (2: No such file or directory)
2018/04/19 19:24:10 [emerg] 1#1: mkdir() "/var/cache/nginx/client_temp" failed (2: No such file or directory)
2018/04/19 19:24:17 [emerg] 1#1: mkdir() "/var/cache/nginx/client_temp" failed (2: No such file or directory)
2018/04/19 19:24:31 [emerg] 1#1: mkdir() "/var/cache/nginx/client_temp" failed (2: No such file or directory)
2018/04/19 19:24:57 [emerg] 1#1: mkdir() "/var/cache/nginx/client_temp" failed (2: No such file or directory)
2018/04/19 19:25:49 [emerg] 1#1: mkdir() "/var/cache/nginx/client_temp" failed (2: No such file or directory)
2018/04/19 19:26:49 [emerg] 1#1: mkdir() "/var/cache/nginx/client_temp" failed (2: No such file or directory)
2018/04/19 19:27:50 [emerg] 1#1: mkdir() "/var/cache/nginx/client_temp" failed (2: No such file or directory)
2018/04/19 19:28:50 [emerg] 1#1: mkdir() "/var/cache/nginx/client_temp" failed (2: No such file or directory)
2018/04/19 19:29:51 [emerg] 1#1: mkdir() "/var/cache/nginx/client_temp" failed (2: No such file or directory)
2018/04/19 19:30:52 [emerg] 1#1: mkdir() "/var/cache/nginx/client_temp" failed (2: No such file or directory)
2018/04/19 19:31:52 [emerg] 1#1: mkdir() "/var/cache/nginx/client_temp" failed (2: No such file or directory)
2018/04/19 19:32:53 [emerg] 1#1: mkdir() "/var/cache/nginx/client_temp" failed (2: No such file or directory)
2018/04/19 19:33:53 [emerg] 1#1: mkdir() "/var/cache/nginx/client_temp" failed (2: No such file or directory)
2018/04/19 19:34:54 [emerg] 1#1: mkdir() "/var/cache/nginx/client_temp" failed (2: No such file or directory)
2018/04/19 19:35:54 [emerg] 1#1: mkdir() "/var/cache/nginx/client_temp" failed (2: No such file or directory)
2018/04/19 19:36:55 [emerg] 1#1: mkdir() "/var/cache/nginx/client_temp" failed (2: No such file or directory)
2018/04/19 19:37:56 [emerg] 1#1: mkdir() "/var/cache/nginx/client_temp" failed (2: No such file or directory)
2018/04/19 19:38:56 [emerg] 1#1: mkdir() "/var/cache/nginx/client_temp" failed (2: No such file or directory)
2018/04/19 19:39:57 [emerg] 1#1: mkdir() "/var/cache/nginx/client_temp" failed (2: No such file or directory)
2018/04/19 19:40:57 [emerg] 1#1: mkdir() "/var/cache/nginx/client_temp" failed (2: No such file or directory)
2018/04/19 19:41:58 [emerg] 1#1: mkdir() "/var/cache/nginx/client_temp" failed (2: No such file or directory)
2018/04/19 19:42:58 [emerg] 1#1: mkdir() "/var/cache/nginx/client_temp" failed (2: No such file or directory)
2018/04/19 19:43:59 [emerg] 1#1: mkdir() "/var/cache/nginx/client_temp" failed (2: No such file or directory)
2018/04/19 19:44:59 [emerg] 1#1: mkdir() "/var/cache/nginx/client_temp" failed (2: No such file or directory)
2018/04/19 19:46:00 [emerg] 1#1: mkdir() "/var/cache/nginx/client_temp" failed (2: No such file or directory)
2018/04/19 19:47:01 [emerg] 1#1: mkdir() "/var/cache/nginx/client_temp" failed (2: No such file or directory)
2018/04/19 19:48:01 [emerg] 1#1: mkdir() "/var/cache/nginx/client_temp" failed (2: No such file or directory)
2018/04/19 19:49:02 [emerg] 1#1: mkdir() "/var/cache/nginx/client_temp" failed (2: No such file or directory)
2018/04/19 19:50:02 [emerg] 1#1: mkdir() "/var/cache/nginx/client_temp" failed (2: No such file or directory)
2018/04/19 19:51:03 [emerg] 1#1: mkdir() "/var/cache/nginx/client_temp" failed (2: No such file or directory)
2018/04/19 19:52:03 [emerg] 1#1: mkdir() "/var/cache/nginx/client_temp" failed (2: No such file or directory)
2018/04/19 19:53:04 [emerg] 1#1: mkdir() "/var/cache/nginx/client_temp" failed (2: No such file or directory)
2018/04/19 19:54:05 [emerg] 1#1: mkdir() "/var/cache/nginx/client_temp" failed (2: No such file or directory)
2018/04/19 19:55:05 [emerg] 1#1: mkdir() "/var/cache/nginx/client_temp" failed (2: No such file or directory)
2018/04/19 19:56:06 [emerg] 1#1: mkdir() "/var/cache/nginx/client_temp" failed (2: No such file or directory)
2018/04/19 19:57:06 [emerg] 1#1: mkdir() "/var/cache/nginx/client_temp" failed (2: No such file or directory)
2018/04/19 19:58:07 [emerg] 1#1: mkdir() "/var/cache/nginx/client_temp" failed (2: No such file or directory)
2018/04/19 19:59:07 [emerg] 1#1: mkdir() "/var/cache/nginx/client_temp" failed (2: No such file or directory)
2018/04/19 20:00:08 [emerg] 1#1: mkdir() "/var/cache/nginx/client_temp" failed (2: No such file or directory)
2018/04/19 20:01:08 [emerg] 1#1: mkdir() "/var/cache/nginx/client_temp" failed (2: No such file or directory)
2018/04/19 20:02:09 [emerg] 1#1: mkdir() "/var/cache/nginx/client_temp" failed (2: No such file or directory)
2018/04/19 20:03:10 [emerg] 1#1: mkdir() "/var/cache/nginx/client_temp" failed (2: No such file or directory)
2018/04/19 20:04:10 [emerg] 1#1: mkdir() "/var/cache/nginx/client_temp" failed (2: No such file or directory)
2018/04/19 20:05:11 [emerg] 1#1: mkdir() "/var/cache/nginx/client_temp" failed (2: No such file or directory)
2018/04/19 20:06:11 [emerg] 1#1: mkdir() "/var/cache/nginx/client_temp" failed (2: No such file or directory)
2018/04/19 20:07:12 [emerg] 1#1: mkdir() "/var/cache/nginx/client_temp" failed (2: No such file or directory)
2018/04/19 20:08:12 [emerg] 1#1: mkdir() "/var/cache/nginx/client_temp" failed (2: No such file or directory)
2018/04/19 20:09:13 [emerg] 1#1: mkdir() "/var/cache/nginx/client_temp" failed (2: No such file or directory)
2018/04/19 20:10:13 [emerg] 1#1: mkdir() "/var/cache/nginx/client_temp" failed (2: No such file or directory)
2018/04/19 20:11:14 [emerg] 1#1: mkdir() "/var/cache/nginx/client_temp" failed (2: No such file or directory)
2018/04/19 20:12:14 [emerg] 1#1: mkdir() "/var/cache/nginx/client_temp" failed (2: No such file or directory)
2018/04/19 20:13:15 [emerg] 1#1: mkdir() "/var/cache/nginx/client_temp" failed (2: No such file or directory)
2018/04/19 20:14:16 [emerg] 1#1: mkdir() "/var/cache/nginx/client_temp" failed (2: No such file or directory)
2018/04/19 20:15:16 [emerg] 1#1: mkdir() "/var/cache/nginx/client_temp" failed (2: No such file or directory)
2018/04/19 20:16:17 [emerg] 1#1: mkdir() "/var/cache/nginx/client_temp" failed (2: No such file or directory)
2018/04/19 20:17:17 [emerg] 1#1: mkdir() "/var/cache/nginx/client_temp" failed (2: No such file or directory)
2018/04/19 20:18:18 [emerg] 1#1: mkdir() "/var/cache/nginx/client_temp" failed (2: No such file or directory)
2018/04/19 20:19:18 [emerg] 1#1: mkdir() "/var/cache/nginx/client_temp" failed (2: No such file or directory)
2018/04/19 20:20:19 [emerg] 1#1: mkdir() "/var/cache/nginx/client_temp" failed (2: No such file or directory)
2018/04/19 20:21:19 [emerg] 1#1: mkdir() "/var/cache/nginx/client_temp" failed (2: No such file or directory)
2018/04/19 20:22:20 [emerg] 1#1: mkdir() "/var/cache/nginx/client_temp" failed (2: No such file or directory)
2018/04/19 20:23:20 [emerg] 1#1: mkdir() "/var/cache/nginx/client_temp" failed (2: No such file or directory)
2018/04/19 20:24:21 [emerg] 1#1: mkdir() "/var/cache/nginx/client_temp" failed (2: No such file or directory)
2018/04/19 20:25:21 [emerg] 1#1: mkdir() "/var/cache/nginx/client_temp" failed (2: No such file or directory)
2018/04/19 20:26:22 [emerg] 1#1: mkdir() "/var/cache/nginx/client_temp" failed (2: No such file or directory)
2018/04/19 20:27:22 [emerg] 1#1: mkdir() "/var/cache/nginx/client_temp" failed (2: No such file or directory)
2018/04/19 20:28:23 [emerg] 1#1: mkdir() "/var/cache/nginx/client_temp" failed (2: No such file or directory)
2018/04/19 20:29:23 [emerg] 1#1: mkdir() "/var/cache/nginx/client_temp" failed (2: No such file or directory)
2018/04/19 20:30:24 [emerg] 1#1: mkdir() "/var/cache/nginx/client_temp" failed (2: No such file or directory)
2018/04/19 20:31:25 [emerg] 1#1: mkdir() "/var/cache/nginx/client_temp" failed (2: No such file or directory)
2018/04/19 20:32:25 [emerg] 1#1: mkdir() "/var/cache/nginx/client_temp" failed (2: No such file or directory)
2018/04/19 20:33:26 [emerg] 1#1: mkdir() "/var/cache/nginx/client_temp" failed (2: No such file or directory)
2018/04/20 04:46:17 [emerg] 1#1: mkdir() "/var/cache/nginx/client_temp" failed (2: No such file or directory)
2018/04/20 04:47:18 [emerg] 1#1: mkdir() "/var/cache/nginx/client_temp" failed (2: No such file or directory)
2018/04/20 04:48:18 [emerg] 1#1: mkdir() "/var/cache/nginx/client_temp" failed (2: No such file or directory)
2018/04/20 04:49:19 [emerg] 1#1: mkdir() "/var/cache/nginx/client_temp" failed (2: No such file or directory)
2018/04/20 04:50:20 [emerg] 1#1: mkdir() "/var/cache/nginx/client_temp" failed (2: No such file or directory)
2018/04/20 04:51:20 [emerg] 1#1: mkdir() "/var/cache/nginx/client_temp" failed (2: No such file or directory)
2018/04/20 04:52:21 [emerg] 1#1: mkdir() "/var/cache/nginx/client_temp" failed (2: No such file or directory)
2018/04/20 04:53:21 [emerg] 1#1: mkdir() "/var/cache/nginx/client_temp" failed (2: No such file or directory)
2018/04/20 04:54:22 [emerg] 1#1: mkdir() "/var/cache/nginx/client_temp" failed (2: No such file or directory)
2018/04/20 04:55:22 [emerg] 1#1: mkdir() "/var/cache/nginx/client_temp" failed (2: No such file or directory)
2018/04/20 04:56:23 [emerg] 1#1: mkdir() "/var/cache/nginx/client_temp" failed (2: No such file or directory)
2018/04/20 04:57:24 [emerg] 1#1: mkdir() "/var/cache/nginx/client_temp" failed (2: No such file or directory)
2018/04/20 04:58:24 [emerg] 1#1: mkdir() "/var/cache/nginx/client_temp" failed (2: No such file or directory)
2018/04/20 04:59:25 [emerg] 1#1: mkdir() "/var/cache/nginx/client_temp" failed (2: No such file or directory)
2018/04/20 05:00:25 [emerg] 1#1: mkdir() "/var/cache/nginx/client_temp" failed (2: No such file or directory)
2018/04/20 05:01:26 [emerg] 1#1: mkdir() "/var/cache/nginx/client_temp" failed (2: No such file or directory)
2018/04/20 05:02:26 [emerg] 1#1: mkdir() "/var/cache/nginx/client_temp" failed (2: No such file or directory)
2018/04/20 05:03:27 [emerg] 1#1: mkdir() "/var/cache/nginx/client_temp" failed (2: No such file or directory)
2018/04/20 05:04:27 [emerg] 1#1: mkdir() "/var/cache/nginx/client_temp" failed (2: No such file or directory)
2018/04/20 05:05:28 [emerg] 1#1: mkdir() "/var/cache/nginx/client_temp" failed (2: No such file or directory)
2018/04/20 05:06:28 [emerg] 1#1: mkdir() "/var/cache/nginx/client_temp" failed (2: No such file or directory)
2018/04/20 05:07:29 [emerg] 1#1: mkdir() "/var/cache/nginx/client_temp" failed (2: No such file or directory)
2018/04/20 05:08:29 [emerg] 1#1: mkdir() "/var/cache/nginx/client_temp" failed (2: No such file or directory)
2018/04/20 05:09:30 [emerg] 1#1: mkdir() "/var/cache/nginx/client_temp" failed (2: No such file or directory)
2018/04/20 05:10:30 [emerg] 1#1: mkdir() "/var/cache/nginx/client_temp" failed (2: No such file or directory)
2018/04/20 05:11:31 [emerg] 1#1: mkdir() "/var/cache/nginx/client_temp" failed (2: No such file or directory)
2018/04/20 05:12:31 [emerg] 1#1: mkdir() "/var/cache/nginx/client_temp" failed (2: No such file or directory)
2018/04/20 05:13:32 [emerg] 1#1: mkdir() "/var/cache/nginx/client_temp" failed (2: No such file or directory)
2018/04/20 05:14:33 [emerg] 1#1: mkdir() "/var/cache/nginx/client_temp" failed (2: No such file or directory)
2018/04/20 05:15:33 [emerg] 1#1: mkdir() "/var/cache/nginx/client_temp" failed (2: No such file or directory)
2018/04/20 05:16:34 [emerg] 1#1: mkdir() "/var/cache/nginx/client_temp" failed (2: No such file or directory)
2018/04/20 05:17:34 [emerg] 1#1: mkdir() "/var/cache/nginx/client_temp" failed (2: No such file or directory)
2018/04/20 05:18:35 [emerg] 1#1: mkdir() "/var/cache/nginx/client_temp" failed (2: No such file or directory)
2018/04/20 05:19:35 [emerg] 1#1: mkdir() "/var/cache/nginx/client_temp" failed (2: No such file or directory)
2018/04/20 05:20:36 [emerg] 1#1: mkdir() "/var/cache/nginx/client_temp" failed (2: No such file or directory)
2018/04/20 05:21:37 [emerg] 1#1: mkdir() "/var/cache/nginx/client_temp" failed (2: No such file or directory)
2018/04/20 05:22:38 [emerg] 1#1: mkdir() "/var/cache/nginx/client_temp" failed (2: No such file or directory)
2018/04/20 05:23:38 [emerg] 1#1: mkdir() "/var/cache/nginx/client_temp" failed (2: No such file or directory)
2018/04/20 05:24:39 [emerg] 1#1: mkdir() "/var/cache/nginx/client_temp" failed (2: No such file or directory)
2018/04/20 05:25:39 [emerg] 1#1: mkdir() "/var/cache/nginx/client_temp" failed (2: No such file or directory)
2018/04/20 05:26:40 [emerg] 1#1: mkdir() "/var/cache/nginx/client_temp" failed (2: No such file or directory)
2018/04/20 05:27:40 [emerg] 1#1: mkdir() "/var/cache/nginx/client_temp" failed (2: No such file or directory)
2018/04/20 05:28:41 [emerg] 1#1: mkdir() "/var/cache/nginx/client_temp" failed (2: No such file or directory)
2018/04/20 05:29:41 [emerg] 1#1: mkdir() "/var/cache/nginx/client_temp" failed (2: No such file or directory)
2018/04/20 05:30:42 [emerg] 1#1: mkdir() "/var/cache/nginx/client_temp" failed (2: No such file or directory)
2018/04/20 05:31:42 [emerg] 1#1: mkdir() "/var/cache/nginx/client_temp" failed (2: No such file or directory)
2018/04/20 05:32:43 [emerg] 1#1: mkdir() "/var/cache/nginx/client_temp" failed (2: No such file or directory)
2018/04/20 05:33:44 [emerg] 1#1: mkdir() "/var/cache/nginx/client_temp" failed (2: No such file or directory)
2018/04/20 05:34:44 [emerg] 1#1: mkdir() "/var/cache/nginx/client_temp" failed (2: No such file or directory)
2018/04/20 05:35:45 [emerg] 1#1: mkdir() "/var/cache/nginx/client_temp" failed (2: No such file or directory)
2018/04/20 05:36:45 [emerg] 1#1: mkdir() "/var/cache/nginx/client_temp" failed (2: No such file or directory)
2018/04/20 05:37:46 [emerg] 1#1: mkdir() "/var/cache/nginx/client_temp" failed (2: No such file or directory)
2018/04/20 05:38:46 [emerg] 1#1: mkdir() "/var/cache/nginx/client_temp" failed (2: No such file or directory)
2018/04/20 05:39:47 [emerg] 1#1: mkdir() "/var/cache/nginx/client_temp" failed (2: No such file or directory)
2018/04/20 05:40:47 [emerg] 1#1: mkdir() "/var/cache/nginx/client_temp" failed (2: No such file or directory)
2018/04/20 05:41:48 [emerg] 1#1: mkdir() "/var/cache/nginx/client_temp" failed (2: No such file or directory)
2018/04/20 05:42:48 [emerg] 1#1: mkdir() "/var/cache/nginx/client_temp" failed (2: No such file or directory)
2018/04/20 05:43:49 [emerg] 1#1: mkdir() "/var/cache/nginx/client_temp" failed (2: No such file or directory)
2018/04/20 05:44:50 [emerg] 1#1: mkdir() "/var/cache/nginx/client_temp" failed (2: No such file or directory)
2018/04/20 05:45:50 [emerg] 1#1: mkdir() "/var/cache/nginx/client_temp" failed (2: No such file or directory)
2018/04/20 05:46:51 [emerg] 1#1: mkdir() "/var/cache/nginx/client_temp" failed (2: No such file or directory)
2018/04/20 05:47:51 [emerg] 1#1: mkdir() "/var/cache/nginx/client_temp" failed (2: No such file or directory)
2018/04/20 05:48:52 [emerg] 1#1: mkdir() "/var/cache/nginx/client_temp" failed (2: No such file or directory)
2018/04/20 05:49:52 [emerg] 1#1: mkdir() "/var/cache/nginx/client_temp" failed (2: No such file or directory)
2018/04/20 05:50:53 [emerg] 1#1: mkdir() "/var/cache/nginx/client_temp" failed (2: No such file or directory)
2018/04/20 05:51:53 [emerg] 1#1: mkdir() "/var/cache/nginx/client_temp" failed (2: No such file or directory)
2018/04/20 05:52:54 [emerg] 1#1: mkdir() "/var/cache/nginx/client_temp" failed (2: No such file or directory)
2018/04/20 05:53:55 [emerg] 1#1: mkdir() "/var/cache/nginx/client_temp" failed (2: No such file or directory)
2018/04/20 05:54:55 [emerg] 1#1: mkdir() "/var/cache/nginx/client_temp" failed (2: No such file or directory)
2018/04/20 05:55:56 [emerg] 1#1: mkdir() "/var/cache/nginx/client_temp" failed (2: No such file or directory)
2018/04/20 05:56:56 [emerg] 1#1: mkdir() "/var/cache/nginx/client_temp" failed (2: No such file or directory)
2018/04/20 05:57:57 [emerg] 1#1: mkdir() "/var/cache/nginx/client_temp" failed (2: No such file or directory)
2018/04/20 05:58:57 [emerg] 1#1: mkdir() "/var/cache/nginx/client_temp" failed (2: No such file or directory)
2018/04/20 05:59:58 [emerg] 1#1: mkdir() "/var/cache/nginx/client_temp" failed (2: No such file or directory)
2018/04/20 06:00:59 [emerg] 1#1: mkdir() "/var/cache/nginx/client_temp" failed (2: No such file or directory)
2018/04/20 06:01:59 [emerg] 1#1: mkdir() "/var/cache/nginx/client_temp" failed (2: No such file or directory)
2018/04/20 06:03:00 [emerg] 1#1: mkdir() "/var/cache/nginx/client_temp" failed (2: No such file or directory)
2018/04/20 06:04:00 [emerg] 1#1: mkdir() "/var/cache/nginx/client_temp" failed (2: No such file or directory)
2018/04/20 06:05:01 [emerg] 1#1: mkdir() "/var/cache/nginx/client_temp" failed (2: No such file or directory)
2018/04/20 06:06:01 [emerg] 1#1: mkdir() "/var/cache/nginx/client_temp" failed (2: No such file or directory)
2018/04/20 06:07:02 [emerg] 1#1: mkdir() "/var/cache/nginx/client_temp" failed (2: No such file or directory)
2018/04/20 06:08:03 [emerg] 1#1: mkdir() "/var/cache/nginx/client_temp" failed (2: No such file or directory)
2018/04/20 06:09:03 [emerg] 1#1: mkdir() "/var/cache/nginx/client_temp" failed (2: No such file or directory)
2018/04/20 06:10:04 [emerg] 1#1: mkdir() "/var/cache/nginx/client_temp" failed (2: No such file or directory)
2018/04/20 06:11:04 [emerg] 1#1: mkdir() "/var/cache/nginx/client_temp" failed (2: No such file or directory)
2018/04/20 06:12:05 [emerg] 1#1: mkdir() "/var/cache/nginx/client_temp" failed (2: No such file or directory)
2018/04/20 06:13:05 [emerg] 1#1: mkdir() "/var/cache/nginx/client_temp" failed (2: No such file or directory)
2018/04/20 06:14:06 [emerg] 1#1: mkdir() "/var/cache/nginx/client_temp" failed (2: No such file or directory)
2018/04/20 06:15:07 [emerg] 1#1: mkdir() "/var/cache/nginx/client_temp" failed (2: No such file or directory)
2018/04/20 06:16:07 [emerg] 1#1: mkdir() "/var/cache/nginx/client_temp" failed (2: No such file or directory)
2018/04/20 06:17:08 [emerg] 1#1: mkdir() "/var/cache/nginx/client_temp" failed (2: No such file or directory)
2018/04/20 06:18:08 [emerg] 1#1: mkdir() "/var/cache/nginx/client_temp" failed (2: No such file or directory)
2018/04/20 06:18:14 [emerg] 1#1: mkdir() "/var/cache/nginx/client_temp" failed (2: No such file or directory)
2018/04/20 06:18:14 [emerg] 1#1: mkdir() "/var/cache/nginx/client_temp" failed (2: No such file or directory)
2018/04/20 06:18:15 [emerg] 1#1: mkdir() "/var/cache/nginx/client_temp" failed (2: No such file or directory)
2018/04/20 06:18:16 [emerg] 1#1: mkdir() "/var/cache/nginx/client_temp" failed (2: No such file or directory)
2018/04/20 06:18:17 [emerg] 1#1: mkdir() "/var/cache/nginx/client_temp" failed (2: No such file or directory)
2018/04/20 06:18:20 [emerg] 1#1: mkdir() "/var/cache/nginx/client_temp" failed (2: No such file or directory)
2018/04/20 06:18:23 [emerg] 1#1: mkdir() "/var/cache/nginx/client_temp" failed (2: No such file or directory)
2018/04/20 06:18:31 [emerg] 1#1: mkdir() "/var/cache/nginx/client_temp" failed (2: No such file or directory)
2018/04/20 06:18:44 [emerg] 1#1: mkdir() "/var/cache/nginx/client_temp" failed (2: No such file or directory)
2018/04/20 06:19:10 [emerg] 1#1: mkdir() "/var/cache/nginx/client_temp" failed (2: No such file or directory)
2018/04/20 06:20:02 [emerg] 1#1: mkdir() "/var/cache/nginx/client_temp" failed (2: No such file or directory)
2018/04/20 06:21:02 [emerg] 1#1: mkdir() "/var/cache/nginx/client_temp" failed (2: No such file or directory)
2018/04/20 06:22:03 [emerg] 1#1: mkdir() "/var/cache/nginx/client_temp" failed (2: No such file or directory)
2018/04/20 06:23:04 [emerg] 1#1: mkdir() "/var/cache/nginx/client_temp" failed (2: No such file or directory)
2018/04/20 06:24:04 [emerg] 1#1: mkdir() "/var/cache/nginx/client_temp" failed (2: No such file or directory)
2018/04/20 06:25:05 [emerg] 1#1: mkdir() "/var/cache/nginx/client_temp" failed (2: No such file or directory)
2018/04/20 06:26:05 [emerg] 1#1: mkdir() "/var/cache/nginx/client_temp" failed (2: No such file or directory)
2018/04/20 06:26:26 [emerg] 1#1: unknown directive "use_temp_path=off" in /etc/nginx/nginx.conf:7
2018/04/20 06:26:26 [emerg] 1#1: unknown directive "use_temp_path=off" in /etc/nginx/nginx.conf:7
2018/04/20 06:26:27 [emerg] 1#1: unknown directive "use_temp_path=off" in /etc/nginx/nginx.conf:7
2018/04/20 06:26:28 [emerg] 1#1: unknown directive "use_temp_path=off" in /etc/nginx/nginx.conf:7
2018/04/20 06:26:29 [emerg] 1#1: unknown directive "use_temp_path=off" in /etc/nginx/nginx.conf:7
2018/04/20 06:26:32 [emerg] 1#1: unknown directive "use_temp_path=off" in /etc/nginx/nginx.conf:7
2018/04/20 06:26:36 [emerg] 1#1: unknown directive "use_temp_path=off" in /etc/nginx/nginx.conf:7
2018/04/20 06:26:43 [emerg] 1#1: unknown directive "use_temp_path=off" in /etc/nginx/nginx.conf:7
2018/04/20 06:26:56 [emerg] 1#1: unknown directive "use_temp_path=off" in /etc/nginx/nginx.conf:7
2018/04/20 06:27:22 [emerg] 1#1: unknown directive "use_temp_path=off" in /etc/nginx/nginx.conf:7
2018/04/20 06:28:14 [emerg] 1#1: unknown directive "use_temp_path=off" in /etc/nginx/nginx.conf:7
2018/04/20 06:29:14 [emerg] 1#1: unknown directive "use_temp_path=off" in /etc/nginx/nginx.conf:7
2018/04/20 06:30:15 [emerg] 1#1: unknown directive "use_temp_path=off" in /etc/nginx/nginx.conf:7
2018/04/20 06:31:16 [emerg] 1#1: unknown directive "use_temp_path=off" in /etc/nginx/nginx.conf:7
2018/04/20 06:32:16 [emerg] 1#1: unknown directive "use_temp_path=off" in /etc/nginx/nginx.conf:7
2018/04/20 06:42:34 [error] 6#6: *1 connect() failed (111: Connection refused) while connecting to upstream, client: 172.20.0.1, server: , request: "GET / HTTP/1.1", upstream: "uwsgi://0.0.0.0:8001", host: "127.0.0.1"
2018/04/20 06:42:37 [error] 6#6: *1 connect() failed (111: Connection refused) while connecting to upstream, client: 172.20.0.1, server: , request: "GET / HTTP/1.1", upstream: "uwsgi://0.0.0.0:8001", host: "127.0.0.1"
2018/04/20 06:57:01 [error] 6#6: *4 connect() failed (111: Connection refused) while connecting to upstream, client: 172.20.0.1, server: , request: "GET / HTTP/1.1", upstream: "uwsgi://0.0.0.0:8001", host: "127.0.0.1"
2018/04/20 06:58:26 [error] 6#6: *6 connect() failed (111: Connection refused) while connecting to upstream, client: 172.20.0.1, server: , request: "GET / HTTP/1.1", upstream: "uwsgi://0.0.0.0:8001", host: "127.0.0.1"
2018/04/20 07:01:19 [emerg] 1#1: no host in upstream ":8001" in /etc/nginx/sites-available/1.conf:3
2018/04/20 07:01:19 [emerg] 1#1: no host in upstream ":8001" in /etc/nginx/sites-available/1.conf:3
2018/04/20 07:01:20 [emerg] 1#1: no host in upstream ":8001" in /etc/nginx/sites-available/1.conf:3
2018/04/20 07:01:21 [emerg] 1#1: no host in upstream ":8001" in /etc/nginx/sites-available/1.conf:3
2018/04/20 07:01:22 [emerg] 1#1: no host in upstream ":8001" in /etc/nginx/sites-available/1.conf:3
2018/04/20 07:01:24 [emerg] 1#1: no host in upstream ":8001" in /etc/nginx/sites-available/1.conf:3
2018/04/20 07:01:28 [emerg] 1#1: no host in upstream ":8001" in /etc/nginx/sites-available/1.conf:3
2018/04/20 07:01:35 [emerg] 1#1: no host in upstream ":8001" in /etc/nginx/sites-available/1.conf:3
2018/04/20 07:01:49 [emerg] 1#1: no host in upstream ":8001" in /etc/nginx/sites-available/1.conf:3
2018/04/20 07:02:07 [error] 10#10: *1 connect() failed (111: Connection refused) while connecting to upstream, client: 172.20.0.1, server: , request: "GET / HTTP/1.1", upstream: "uwsgi://127.0.0.1:8001", host: "127.0.0.1"
2018/04/20 07:02:08 [error] 10#10: *1 connect() failed (111: Connection refused) while connecting to upstream, client: 172.20.0.1, server: , request: "GET / HTTP/1.1", upstream: "uwsgi://127.0.0.1:8001", host: "127.0.0.1"
2018/04/20 07:02:09 [error] 10#10: *1 connect() failed (111: Connection refused) while connecting to upstream, client: 172.20.0.1, server: , request: "GET / HTTP/1.1", upstream: "uwsgi://127.0.0.1:8001", host: "127.0.0.1"
2018/04/20 07:03:05 [emerg] 1#1: host not found in upstream "site1:8001" in /etc/nginx/sites-available/1.conf:3
2018/04/20 07:03:06 [emerg] 1#1: host not found in upstream "site1:8001" in /etc/nginx/sites-available/1.conf:3
2018/04/20 07:03:07 [emerg] 1#1: host not found in upstream "site1:8001" in /etc/nginx/sites-available/1.conf:3
2018/04/20 07:03:08 [emerg] 1#1: host not found in upstream "site1:8001" in /etc/nginx/sites-available/1.conf:3
2018/04/20 07:03:09 [emerg] 1#1: host not found in upstream "site1:8001" in /etc/nginx/sites-available/1.conf:3
2018/04/20 07:03:11 [emerg] 1#1: host not found in upstream "site1:8001" in /etc/nginx/sites-available/1.conf:3
2018/04/20 07:03:15 [emerg] 1#1: host not found in upstream "site1:8001" in /etc/nginx/sites-available/1.conf:3
2018/04/20 07:03:22 [emerg] 1#1: host not found in upstream "site1:8001" in /etc/nginx/sites-available/1.conf:3
2018/04/20 07:03:36 [emerg] 1#1: host not found in upstream "site1:8001" in /etc/nginx/sites-available/1.conf:3
2018/04/20 07:03:42 [emerg] 1#1: host not found in upstream "app1_web_1:8001" in /etc/nginx/sites-available/1.conf:3
2018/04/20 07:03:43 [emerg] 1#1: host not found in upstream "app1_web_1:8001" in /etc/nginx/sites-available/1.conf:3
2018/04/20 07:03:44 [emerg] 1#1: host not found in upstream "app1_web_1:8001" in /etc/nginx/sites-available/1.conf:3
2018/04/20 07:03:45 [emerg] 1#1: host not found in upstream "app1_web_1:8001" in /etc/nginx/sites-available/1.conf:3
2018/04/20 07:03:46 [emerg] 1#1: host not found in upstream "app1_web_1:8001" in /etc/nginx/sites-available/1.conf:3
2018/04/20 07:03:49 [emerg] 1#1: host not found in upstream "app1_web_1:8001" in /etc/nginx/sites-available/1.conf:3
2018/04/20 07:03:52 [emerg] 1#1: host not found in upstream "app1_web_1:8001" in /etc/nginx/sites-available/1.conf:3
2018/04/20 07:04:00 [emerg] 1#1: host not found in upstream "app1_web_1:8001" in /etc/nginx/sites-available/1.conf:3
2018/04/20 07:04:13 [emerg] 1#1: host not found in upstream "app1_web_1:8001" in /etc/nginx/sites-available/1.conf:3
2018/04/20 07:04:24 [error] 12#12: *1 connect() failed (111: Connection refused) while connecting to upstream, client: 172.20.0.1, server: , request: "GET / HTTP/1.1", upstream: "uwsgi://0.0.0.0:8001", host: "127.0.0.1"
2018/04/20 07:06:17 [error] 12#12: *3 connect() failed (111: Connection refused) while connecting to upstream, client: 172.20.0.1, server: , request: "GET / HTTP/1.1", upstream: "uwsgi://0.0.0.0:8001", host: "127.0.0.1"
2018/04/20 07:07:48 [error] 7#7: *1 connect() failed (111: Connection refused) while connecting to upstream, client: 172.20.0.1, server: , request: "GET / HTTP/1.1", upstream: "uwsgi://127.0.0.1:8001", host: "127.0.0.1"
2018/04/20 07:09:06 [error] 7#7: *3 connect() failed (111: Connection refused) while connecting to upstream, client: 172.20.0.1, server: , request: "GET / HTTP/1.1", upstream: "uwsgi://127.0.0.1:8001", host: "127.0.0.1"
2018/04/20 07:14:39 [error] 12#12: *1 connect() failed (111: Connection refused) while connecting to upstream, client: 172.20.0.1, server: , request: "GET / HTTP/1.1", upstream: "uwsgi://0.0.0.0:8001", host: "127.0.0.1"
2018/04/20 07:18:11 [error] 12#12: *3 connect() failed (111: Connection refused) while connecting to upstream, client: 172.20.0.1, server: , request: "GET / HTTP/1.1", upstream: "uwsgi://0.0.0.0:8001", host: "127.0.0.1"
2018/04/20 07:24:34 [error] 6#6: *1 connect() failed (111: Connection refused) while connecting to upstream, client: 172.20.0.1, server: , request: "GET / HTTP/1.1", upstream: "http://0.0.0.0:8001/", host: "127.0.0.1"
2018/04/20 07:58:13 [error] 6#6: *1 upstream timed out (110: Connection timed out) while connecting to upstream, client: 172.20.0.1, server: , request: "GET / HTTP/1.1", upstream: "http://172.19.0.2:8001/", host: "127.0.0.1"
2018/04/20 07:59:19 [error] 6#6: *1 upstream timed out (110: Connection timed out) while connecting to upstream, client: 172.20.0.1, server: , request: "GET / HTTP/1.1", upstream: "http://172.19.0.2:8001/", host: "127.0.0.1"
2018/04/20 08:00:27 [error] 6#6: *1 upstream timed out (110: Connection timed out) while connecting to upstream, client: 172.20.0.1, server: , request: "GET / HTTP/1.1", upstream: "http://172.18.0.2:8001/", host: "127.0.0.1"
2018/04/20 08:30:29 [error] 7#7: *1 upstream timed out (110: Connection timed out) while connecting to upstream, client: 172.20.0.1, server: , request: "GET / HTTP/1.1", upstream: "http://172.18.0.2:8001/", host: "127.0.0.1"
2018/04/20 08:32:58 [error] 7#7: *3 upstream timed out (110: Connection timed out) while connecting to upstream, client: 172.21.0.1, server: , request: "GET / HTTP/1.1", upstream: "http://172.18.0.2:8001/", host: "127.0.0.1"
2018/04/20 08:41:17 [error] 7#7: *1 upstream timed out (110: Connection timed out) while connecting to upstream, client: 172.21.0.1, server: , request: "GET / HTTP/1.1", upstream: "http://172.18.0.2:8001/", host: "127.0.0.1"
2018/04/20 08:43:46 [error] 6#6: *1 connect() failed (111: Connection refused) while connecting to upstream, client: 172.21.0.1, server: , request: "GET / HTTP/1.1", upstream: "uwsgi://172.21.0.4:8002", host: "127.0.0.1:8000"
2018/04/20 08:43:46 [error] 6#6: *1 connect() failed (111: Connection refused) while connecting to upstream, client: 172.21.0.1, server: , request: "GET /favicon.ico HTTP/1.1", upstream: "uwsgi://172.21.0.4:8002", host: "127.0.0.1:8000", referrer: "http://127.0.0.1:8000/"
2018/04/20 08:45:40 [error] 6#6: *1 connect() failed (111: Connection refused) while connecting to upstream, client: 172.21.0.1, server: , request: "GET / HTTP/1.1", upstream: "http://172.21.0.4:8002/", host: "127.0.0.1:8000"
2018/04/20 08:45:40 [error] 6#6: *1 connect() failed (111: Connection refused) while connecting to upstream, client: 172.21.0.1, server: , request: "GET /favicon.ico HTTP/1.1", upstream: "http://172.21.0.4:8002/favicon.ico", host: "127.0.0.1:8000", referrer: "http://127.0.0.1:8000/"
2018/04/20 08:45:41 [error] 6#6: *1 connect() failed (111: Connection refused) while connecting to upstream, client: 172.21.0.1, server: , request: "GET / HTTP/1.1", upstream: "http://172.21.0.4:8002/", host: "127.0.0.1:8000"
2018/04/20 08:45:41 [error] 6#6: *1 connect() failed (111: Connection refused) while connecting to upstream, client: 172.21.0.1, server: , request: "GET /favicon.ico HTTP/1.1", upstream: "http://172.21.0.4:8002/favicon.ico", host: "127.0.0.1:8000", referrer: "http://127.0.0.1:8000/"
2018/04/20 08:50:31 [error] 6#6: *6 connect() failed (111: Connection refused) while connecting to upstream, client: 172.21.0.1, server: , request: "GET / HTTP/1.1", upstream: "http://172.21.0.4:8002/", host: "127.0.0.1:8000"
2018/04/20 08:50:32 [error] 6#6: *6 connect() failed (111: Connection refused) while connecting to upstream, client: 172.21.0.1, server: , request: "GET /favicon.ico HTTP/1.1", upstream: "http://172.21.0.4:8002/favicon.ico", host: "127.0.0.1:8000", referrer: "http://127.0.0.1:8000/"
2018/04/20 08:50:32 [error] 6#6: *6 connect() failed (111: Connection refused) while connecting to upstream, client: 172.21.0.1, server: , request: "GET / HTTP/1.1", upstream: "http://172.21.0.4:8002/", host: "127.0.0.1:8000"
2018/04/20 08:50:33 [error] 6#6: *6 connect() failed (111: Connection refused) while connecting to upstream, client: 172.21.0.1, server: , request: "GET /favicon.ico HTTP/1.1", upstream: "http://172.21.0.4:8002/favicon.ico", host: "127.0.0.1:8000", referrer: "http://127.0.0.1:8000/"
2018/04/20 08:50:37 [error] 6#6: *6 connect() failed (111: Connection refused) while connecting to upstream, client: 172.21.0.1, server: , request: "GET /favicon.ico HTTP/1.1", upstream: "http://172.21.0.4:8002/favicon.ico", host: "127.0.0.1:8000", referrer: "http://127.0.0.1:8000/"
2018/04/20 08:53:29 [error] 10#10: *1 connect() failed (111: Connection refused) while connecting to upstream, client: 172.21.0.1, server: , request: "GET / HTTP/1.1", upstream: "http://172.21.0.4:8002/", host: "127.0.0.1:8000"
2018/04/20 08:53:29 [error] 10#10: *1 connect() failed (111: Connection refused) while connecting to upstream, client: 172.21.0.1, server: , request: "GET /favicon.ico HTTP/1.1", upstream: "http://172.21.0.4:8002/favicon.ico", host: "127.0.0.1:8000", referrer: "http://127.0.0.1:8000/"
2018/04/20 08:53:30 [error] 10#10: *1 connect() failed (111: Connection refused) while connecting to upstream, client: 172.21.0.1, server: , request: "GET / HTTP/1.1", upstream: "http://172.21.0.4:8002/", host: "127.0.0.1:8000"
2018/04/20 08:53:30 [error] 10#10: *1 connect() failed (111: Connection refused) while connecting to upstream, client: 172.21.0.1, server: , request: "GET /favicon.ico HTTP/1.1", upstream: "http://172.21.0.4:8002/favicon.ico", host: "127.0.0.1:8000", referrer: "http://127.0.0.1:8000/"
2018/04/20 08:58:20 [error] 6#6: *1 upstream timed out (110: Connection timed out) while connecting to upstream, client: 172.20.0.1, server: , request: "GET / HTTP/1.1", upstream: "http://172.21.0.2:8001/", host: "127.0.0.1"
2018/04/20 09:00:51 [emerg] 1#1: host not found in upstream "app1_web_1:8001" in /etc/nginx/sites-available/1.conf:3
2018/04/20 09:00:52 [emerg] 1#1: host not found in upstream "app1_web_1:8001" in /etc/nginx/sites-available/1.conf:3
2018/04/20 09:00:53 [emerg] 1#1: host not found in upstream "app1_web_1:8001" in /etc/nginx/sites-available/1.conf:3
2018/04/20 09:00:54 [emerg] 1#1: host not found in upstream "app1_web_1:8001" in /etc/nginx/sites-available/1.conf:3
2018/04/20 09:00:55 [emerg] 1#1: host not found in upstream "app1_web_1:8001" in /etc/nginx/sites-available/1.conf:3
2018/04/20 09:00:57 [emerg] 1#1: host not found in upstream "app1_web_1:8001" in /etc/nginx/sites-available/1.conf:3
2018/04/20 09:01:01 [emerg] 1#1: host not found in upstream "app1_web_1:8001" in /etc/nginx/sites-available/1.conf:3
2018/04/20 09:01:08 [emerg] 1#1: host not found in upstream "app1_web_1:8001" in /etc/nginx/sites-available/1.conf:3
2018/04/20 09:01:21 [emerg] 1#1: host not found in upstream "app1_web_1:8001" in /etc/nginx/sites-available/1.conf:3
2018/04/20 09:02:57 [emerg] 1#1: host not found in upstream "app1_web_1.mynw:8001" in /etc/nginx/sites-available/1.conf:3
2018/04/20 09:02:58 [emerg] 1#1: host not found in upstream "app1_web_1.mynw:8001" in /etc/nginx/sites-available/1.conf:3
2018/04/20 09:02:58 [emerg] 1#1: host not found in upstream "app1_web_1.mynw:8001" in /etc/nginx/sites-available/1.conf:3
2018/04/20 09:02:59 [emerg] 1#1: host not found in upstream "app1_web_1.mynw:8001" in /etc/nginx/sites-available/1.conf:3
